{
    "head": {
        "name": "neuer Name xxxx",
        "date": "14.08.2022 15:01",
        "count": "13",
        "freeNr": "4"
    },
    "data": [
        [
            "d:/audio/CD_Prince",
            [
                "prince_famaly_(ä).wav",
                1,
                23
            ]
        ],
        [
            "d:/audio/CD_Prince",
            [
                "prince_children.wav",
                23,
                8
            ]
        ],
        [
            "d:/audio/CD_Prince",
            [
                "prince_rainbow $.wav",
                9,
                3
            ]
        ],
        [
            "d:/audio/test/CD_Zeppelin",
            [
                "Zepp_Holder the love.wav",
                3,
                4
            ]
        ],
        [
            "d:/audio/test/CD_Zeppelin",
            [
                "Zepp_No Quarter.wav",
                1,
                8
            ]
        ],
        [
            "d:/audio/test/CD_Zeppelin",
            [
                "Zepp_Tea Party.wav",
                4,
                9
            ]
        ],
        [
            "d:/audio/test/CD_Test",
            [
                "Test_Track1.wav",
                3,
                4
            ]
        ],
        [
            "d:/audio/test/CD_Test",
            [
                "Test_Track2.wav",
                1,
                8
            ]
        ],
        [
            "d:/audio/test/CD_Test",
            [
                "Test_Track3.wav",
                4,
                9
            ]
        ],
        [
            "D:/_Test_CD/Archiv3/new_add",
            [
                "Take 1.wav",
                1,
                0
            ]
        ],
        [
            "D:/_Test_CD/Archiv3/new_add",
            [
                "Take 3.wav",
                3,
                0
            ]
        ],
        [
            "D:/_Test_CD/Archiv3/new_add",
            [
                "Take 4.wav",
                4,
                0
            ]
        ],
        [
            "D:/_Test_CD/Archiv3/new_add",
            [
                "Take 5.wav",
                5,
                0
            ]
        ]
    ]
}